SF:lib\blocs\location\location_event.dart
DA:9,30
DA:11,0
DA:12,0
DA:26,1
DA:28,0
DA:29,0
DA:36,30
DA:43,30
LF:8
LH:4
end_of_record
SF:lib\blocs\location\location_bloc.dart
DA:25,2
DA:27,2
DA:28,2
DA:29,2
DA:30,3
DA:31,1
DA:32,1
DA:33,2
DA:34,1
DA:40,1
DA:41,0
DA:42,0
DA:46,2
DA:47,2
DA:48,3
DA:56,0
DA:58,0
DA:59,0
DA:60,0
DA:62,0
DA:71,0
DA:72,0
DA:73,0
DA:75,0
DA:76,0
DA:77,0
DA:84,0
DA:85,0
DA:86,0
DA:87,0
DA:93,1
DA:95,2
DA:96,1
DA:97,1
LF:34
LH:17
end_of_record
SF:lib\blocs\location\location_state.dart
DA:32,34
DA:48,1
DA:53,1
DA:54,1
DA:55,1
DA:56,1
DA:62,1
DA:63,1
DA:64,1
DA:65,1
DA:66,1
LF:11
LH:11
end_of_record
SF:lib\blocs\gps\gps_state.dart
DA:23,3
DA:29,34
DA:43,1
DA:47,1
DA:49,0
DA:51,0
DA:58,1
DA:59,3
DA:64,1
DA:66,3
LF:10
LH:8
end_of_record
SF:lib\blocs\gps\gps_event.dart
DA:9,1
DA:15,0
DA:16,0
DA:43,1
DA:51,0
DA:52,0
LF:6
LH:2
end_of_record
SF:lib\blocs\gps\gps_bloc.dart
DA:26,1
DA:27,1
DA:30,2
DA:31,2
DA:32,3
DA:33,3
DA:34,1
DA:35,1
DA:39,1
DA:46,1
DA:48,2
DA:51,4
DA:53,2
DA:54,3
DA:56,2
DA:57,1
DA:58,1
DA:60,0
DA:68,1
DA:70,1
DA:71,0
DA:74,2
DA:84,1
DA:86,1
DA:87,0
DA:89,0
DA:90,0
DA:91,0
DA:92,0
DA:94,0
DA:99,2
DA:110,0
DA:112,0
DA:113,0
DA:116,0
DA:117,0
DA:118,0
DA:119,0
DA:121,0
DA:122,0
DA:123,0
DA:124,0
DA:125,0
DA:126,0
DA:127,0
DA:133,0
DA:139,1
DA:141,2
DA:142,1
DA:143,1
LF:50
LH:27
end_of_record
SF:lib\logger\logger.dart
DA:11,51
DA:12,17
LF:2
LH:2
end_of_record
SF:lib\blocs\map\map_event.dart
DA:9,97
DA:14,0
DA:15,0
DA:31,2
DA:36,0
DA:37,0
DA:43,8
DA:49,30
DA:61,0
DA:66,0
DA:67,0
DA:73,29
DA:89,0
DA:94,0
DA:95,0
DA:107,0
DA:112,0
DA:113,0
DA:125,0
DA:130,0
DA:131,0
DA:137,28
LF:22
LH:6
end_of_record
SF:lib\blocs\map\map_state.dart
DA:38,34
DA:57,1
DA:65,1
DA:66,1
DA:67,1
DA:68,1
DA:69,1
DA:70,1
DA:71,1
DA:75,1
DA:76,1
DA:77,1
DA:78,1
DA:79,1
DA:80,1
DA:81,1
DA:82,1
LF:17
LH:17
end_of_record
SF:lib\blocs\map\map_bloc.dart
DA:23,2
DA:25,2
DA:26,2
DA:27,1
DA:28,0
DA:29,2
DA:30,1
DA:31,0
DA:32,1
DA:33,0
DA:34,2
DA:35,2
DA:36,2
DA:39,4
DA:40,0
DA:41,0
DA:42,0
DA:43,0
DA:46,0
DA:47,0
DA:52,1
DA:53,2
DA:54,2
DA:55,4
DA:59,1
DA:60,1
DA:61,2
DA:64,0
DA:65,0
DA:66,0
DA:70,1
DA:72,3
DA:73,2
DA:74,3
DA:75,4
DA:79,0
DA:81,0
DA:82,0
DA:84,0
DA:90,0
DA:91,0
DA:92,0
DA:96,0
DA:97,0
DA:98,0
DA:102,0
DA:107,0
DA:108,0
DA:109,0
DA:110,0
DA:111,0
DA:112,0
DA:114,0
DA:115,0
DA:116,0
DA:118,0
DA:119,0
DA:120,0
DA:121,0
DA:125,0
DA:129,0
DA:130,0
DA:131,0
DA:132,0
DA:134,0
DA:136,0
DA:137,0
DA:138,0
DA:139,0
DA:144,0
DA:145,0
DA:146,0
DA:148,0
DA:149,0
DA:161,0
DA:163,0
DA:164,0
DA:165,0
DA:166,0
DA:170,0
DA:172,0
DA:173,0
DA:174,0
DA:175,0
DA:176,0
DA:178,0
DA:179,0
DA:180,0
DA:182,0
DA:183,0
DA:184,0
DA:189,0
DA:190,0
DA:194,0
DA:195,0
DA:196,0
DA:197,0
DA:198,0
DA:202,1
DA:204,2
DA:205,2
DA:206,1
LF:102
LH:27
end_of_record
SF:lib\blocs\my_bloc_observer.dart
DA:12,0
DA:14,0
DA:15,0
DA:21,0
DA:23,0
DA:24,0
DA:30,0
DA:32,0
DA:33,0
DA:39,0
DA:41,0
DA:42,0
DA:48,0
DA:50,0
DA:52,0
DA:58,0
DA:60,0
DA:61,0
LF:18
LH:0
end_of_record
SF:lib\blocs\tour\tour_event.dart
DA:8,57
DA:11,0
DA:12,0
DA:35,3
DA:45,0
DA:46,0
DA:59,0
DA:62,0
DA:63,0
DA:78,2
DA:81,1
DA:82,3
DA:92,8
DA:102,31
DA:112,16
DA:125,3
DA:128,1
DA:129,2
LF:18
LH:11
end_of_record
SF:lib\blocs\tour\tour_state.dart
DA:30,67
DA:46,1
DA:53,1
DA:54,1
DA:55,1
DA:56,1
DA:57,1
DA:58,1
DA:65,0
DA:74,1
DA:75,6
LF:11
LH:10
end_of_record
SF:lib\blocs\tour\tour_bloc.dart
DA:36,1
DA:40,1
DA:42,2
DA:43,2
DA:44,2
DA:45,2
DA:47,2
DA:48,3
DA:49,2
DA:51,2
DA:52,2
DA:60,1
DA:61,2
DA:62,3
DA:63,3
DA:67,1
DA:68,1
DA:69,1
DA:70,1
DA:71,1
DA:72,1
DA:73,1
DA:74,0
DA:77,0
DA:78,0
DA:80,0
DA:83,0
DA:84,0
DA:85,0
DA:88,0
DA:90,0
DA:91,0
DA:92,0
DA:94,0
DA:95,0
DA:96,0
DA:97,0
DA:98,0
DA:99,0
DA:100,0
DA:101,0
DA:102,0
DA:103,0
DA:104,0
DA:106,0
DA:109,0
DA:114,0
DA:116,0
DA:117,0
DA:118,0
DA:122,0
DA:123,0
DA:126,0
DA:128,0
DA:129,0
DA:131,0
DA:136,1
DA:138,2
DA:140,5
DA:144,0
DA:145,0
DA:147,0
DA:153,0
DA:157,0
DA:158,0
DA:161,0
DA:164,0
DA:166,0
DA:167,0
DA:170,0
DA:176,0
DA:178,0
DA:180,0
DA:184,0
DA:188,0
DA:189,0
DA:192,0
DA:195,0
DA:197,0
DA:198,0
DA:201,0
DA:207,0
DA:211,0
DA:212,0
DA:215,0
DA:217,0
DA:218,0
DA:219,0
DA:223,0
DA:226,0
DA:228,0
DA:233,0
DA:238,0
DA:239,0
DA:240,0
DA:244,1
DA:246,3
DA:249,2
DA:250,0
DA:251,0
DA:253,3
DA:254,3
DA:259,1
DA:260,3
DA:264,3
DA:268,0
DA:269,0
DA:272,0
DA:274,0
DA:275,0
DA:278,3
DA:279,3
LF:112
LH:35
end_of_record
SF:lib\helpers\custom_image_marker.dart
DA:14,0
DA:17,0
DA:18,0
DA:19,0
DA:23,0
DA:25,0
DA:28,0
DA:32,0
DA:33,0
DA:35,0
DA:48,0
DA:50,0
DA:51,0
DA:52,0
DA:54,0
DA:57,0
DA:58,0
DA:59,0
DA:60,0
DA:62,0
DA:65,0
DA:67,0
DA:68,0
DA:70,0
DA:71,0
DA:73,0
DA:75,0
DA:77,0
DA:89,1
DA:92,2
DA:95,2
DA:96,2
DA:98,2
DA:99,1
DA:101,1
DA:102,1
DA:104,3
DA:105,1
DA:107,1
DA:108,1
DA:109,1
DA:111,2
DA:113,2
DA:115,1
DA:116,3
DA:117,3
DA:119,2
DA:121,1
DA:122,3
DA:123,1
DA:126,0
DA:128,0
DA:131,2
DA:133,2
DA:135,2
DA:139,2
LF:56
LH:26
end_of_record
SF:lib\delegates\search_destination_delegate.dart
DA:25,6
DA:30,2
DA:32,2
DA:33,2
DA:35,1
DA:36,2
DA:37,1
DA:46,2
DA:48,2
DA:50,1
DA:51,2
DA:52,1
DA:61,0
DA:62,0
DA:63,0
DA:65,0
DA:66,0
DA:67,0
DA:68,0
DA:72,0
DA:73,0
DA:74,0
DA:76,0
DA:77,0
DA:78,0
DA:79,0
DA:82,0
DA:87,0
DA:88,0
DA:89,0
DA:90,0
DA:91,0
DA:92,0
DA:93,0
DA:94,0
DA:95,0
DA:97,0
DA:98,0
DA:99,0
DA:100,0
DA:101,0
DA:102,0
DA:103,0
DA:104,0
DA:105,0
DA:106,0
DA:107,0
DA:108,0
DA:109,0
DA:112,0
DA:113,0
DA:116,0
DA:117,0
DA:118,0
DA:119,0
DA:122,0
DA:132,0
DA:134,0
DA:136,0
DA:137,0
DA:138,0
DA:141,0
DA:145,2
DA:147,4
DA:148,2
DA:149,4
LF:66
LH:16
end_of_record
SF:lib\models\point_of_interest.dart
DA:42,8
DA:56,2
DA:57,2
DA:58,10
DA:59,2
DA:60,2
DA:61,2
DA:62,2
DA:63,2
DA:64,2
DA:65,2
DA:74,2
DA:75,2
DA:76,10
DA:77,2
DA:78,2
DA:79,2
DA:80,2
DA:81,2
DA:82,2
DA:83,2
LF:21
LH:21
end_of_record
SF:lib\exceptions\app_exception.dart
DA:19,1
DA:20,6
DA:24,1
DA:26,4
DA:35,0
DA:36,0
DA:44,0
DA:45,0
DA:53,0
DA:54,0
DA:62,0
DA:63,0
LF:12
LH:4
end_of_record
SF:lib\exceptions\dio_exception.dart
DA:16,0
DA:18,0
DA:19,0
DA:21,0
DA:22,0
DA:23,0
DA:24,0
DA:25,0
DA:26,0
DA:27,0
DA:28,0
DA:29,0
DA:30,0
DA:31,0
DA:32,0
DA:33,0
DA:35,0
DA:45,0
DA:47,0
DA:50,0
DA:53,0
DA:54,0
DA:55,0
DA:56,0
DA:57,0
DA:58,0
DA:59,0
DA:60,0
DA:61,0
DA:62,0
DA:64,0
DA:65,0
LF:32
LH:0
end_of_record
SF:lib\helpers\icon_helpers.dart
DA:6,12
DA:16,9
DA:17,3
DA:21,3
DA:25,3
DA:29,3
DA:33,3
DA:37,3
LF:8
LH:8
end_of_record
SF:lib\models\eco_city_tour.dart
DA:45,8
DA:59,1
DA:60,1
DA:61,1
DA:62,5
DA:63,1
DA:64,1
DA:65,1
DA:66,1
DA:67,1
DA:68,2
DA:69,3
DA:70,1
DA:71,1
DA:80,1
DA:81,1
DA:82,1
DA:83,1
DA:84,3
DA:85,1
DA:86,1
DA:87,2
DA:88,1
DA:89,1
DA:90,1
DA:91,5
DA:92,1
DA:93,1
DA:102,2
DA:103,2
DA:104,2
DA:105,2
DA:106,2
DA:107,2
DA:108,4
DA:109,4
DA:110,4
DA:111,2
DA:112,10
DA:113,2
DA:114,6
DA:115,2
DA:116,2
DA:117,6
DA:118,2
DA:119,2
DA:120,2
DA:121,2
DA:122,4
DA:123,2
DA:124,2
DA:126,2
DA:131,0
DA:144,0
DA:153,0
DA:154,0
DA:155,0
DA:156,0
DA:157,0
DA:158,0
DA:159,0
DA:160,0
LF:62
LH:52
end_of_record
SF:lib\persistence_bd\datasets\firestore_dataset.dart
DA:19,2
DA:22,0
DA:28,2
DA:31,2
DA:32,2
DA:33,2
DA:34,2
DA:35,2
DA:36,2
DA:37,2
DA:38,2
DA:39,10
DA:40,2
DA:41,2
DA:42,6
DA:43,2
DA:44,10
DA:45,2
DA:46,2
DA:47,2
DA:48,2
DA:49,2
DA:50,2
DA:52,2
DA:55,6
DA:56,8
DA:57,6
DA:59,0
DA:66,2
DA:68,2
DA:69,2
DA:70,4
DA:71,2
DA:73,10
DA:75,6
DA:76,2
DA:77,2
DA:79,0
DA:80,0
DA:87,2
DA:89,6
DA:90,8
DA:91,6
DA:93,0
DA:102,1
DA:103,4
LF:46
LH:41
end_of_record
SF:lib\persistence_bd\repositories\eco_city_tour_repository.dart
DA:16,1
DA:22,1
DA:23,3
DA:24,2
DA:30,1
DA:31,2
DA:32,2
DA:38,1
DA:39,3
DA:40,2
DA:48,1
DA:50,2
DA:51,1
DA:52,1
DA:54,3
DA:57,0
LF:16
LH:15
end_of_record
SF:lib\services\gemini_service.dart
DA:25,1
DA:34,2
DA:35,3
DA:38,1
DA:39,0
DA:41,0
DA:45,1
DA:48,1
DA:51,1
DA:57,1
DA:59,1
DA:61,1
DA:62,2
DA:63,1
DA:64,1
DA:66,1
DA:70,2
DA:74,1
DA:76,2
DA:77,1
DA:79,1
DA:81,1
DA:84,1
DA:87,1
DA:89,0
DA:90,0
DA:91,0
DA:95,0
DA:98,0
DA:100,0
DA:101,0
DA:102,0
DA:104,0
DA:106,0
DA:107,0
DA:109,0
DA:111,0
DA:112,0
DA:114,0
DA:116,0
LF:40
LH:22
end_of_record
SF:lib\services\optimization_service.dart
DA:21,1
DA:32,1
DA:39,3
DA:40,1
DA:41,2
DA:43,1
DA:47,4
DA:51,6
DA:56,2
DA:57,2
DA:60,3
DA:61,5
DA:62,5
DA:63,1
DA:68,4
DA:71,5
DA:72,2
DA:73,1
DA:77,3
DA:78,2
DA:79,1
DA:80,7
DA:81,1
DA:84,1
DA:85,5
DA:86,1
DA:87,1
DA:88,5
DA:89,1
DA:91,2
DA:92,1
DA:95,1
DA:106,2
DA:107,0
DA:109,0
DA:111,1
DA:113,0
DA:115,1
DA:117,0
DA:120,1
DA:121,2
DA:125,1
DA:132,1
DA:135,2
DA:139,1
DA:146,1
LF:46
LH:42
end_of_record
SF:lib\services\places_service.dart
DA:19,3
DA:20,2
DA:21,9
DA:29,1
DA:34,2
DA:35,0
DA:40,3
DA:42,3
DA:43,1
DA:44,1
DA:48,2
DA:49,2
DA:50,3
DA:51,3
DA:53,4
DA:54,1
DA:55,1
DA:56,2
DA:57,1
DA:58,1
DA:59,1
DA:60,1
DA:61,1
DA:65,3
DA:77,1
DA:82,2
DA:83,0
DA:84,0
DA:88,3
DA:90,3
DA:91,1
DA:92,1
DA:96,2
DA:97,2
DA:98,3
DA:99,2
DA:101,2
DA:102,1
DA:103,1
DA:104,2
DA:105,1
DA:106,1
DA:107,1
DA:108,1
DA:109,1
DA:111,1
DA:114,3
DA:117,1
LF:48
LH:45
end_of_record
SF:lib\ui\custom_snackbar.dart
DA:14,0
DA:20,0
DA:21,0
DA:22,0
DA:24,0
DA:27,0
DA:39,1
DA:40,2
DA:41,1
DA:42,1
LF:10
LH:4
end_of_record
SF:lib\widgets\btn_follow_user.dart
DA:12,8
DA:14,2
DA:17,2
DA:19,2
DA:21,2
DA:22,4
DA:25,2
DA:26,2
DA:27,2
DA:29,2
DA:30,2
DA:36,1
DA:37,1
LF:13
LH:13
end_of_record
SF:lib\widgets\btn_toggle_user_route.dart
DA:11,8
DA:13,2
DA:16,2
DA:18,2
DA:20,2
DA:21,4
DA:24,2
DA:25,2
DA:26,2
DA:28,2
DA:29,2
DA:33,1
DA:34,1
LF:13
LH:13
end_of_record
SF:lib\widgets\custom_app_bar.dart
DA:25,3
DA:31,3
DA:33,3
DA:35,3
DA:36,3
DA:37,9
DA:43,9
DA:44,9
DA:46,3
DA:48,1
DA:50,2
DA:51,2
DA:53,1
DA:58,1
DA:60,2
DA:61,2
DA:62,2
DA:63,1
DA:64,1
DA:65,0
DA:66,0
DA:67,2
DA:69,1
DA:70,1
DA:71,2
DA:72,2
DA:79,2
DA:81,2
DA:83,2
DA:85,1
DA:88,3
DA:89,6
DA:90,2
DA:92,1
DA:93,2
DA:94,1
DA:101,1
LF:37
LH:35
end_of_record
SF:lib\widgets\custom_bottom_sheet.dart
DA:27,1
DA:29,1
DA:31,1
DA:33,1
DA:36,1
DA:38,1
DA:39,2
DA:49,2
DA:50,1
DA:51,1
DA:52,1
DA:53,2
DA:54,1
DA:57,0
DA:58,0
DA:59,0
DA:67,1
DA:70,2
DA:71,1
DA:72,1
DA:75,1
DA:76,1
DA:77,2
DA:86,1
DA:89,6
DA:90,1
DA:91,1
DA:92,1
DA:93,2
DA:94,1
DA:102,1
DA:103,3
DA:106,2
DA:107,5
DA:114,3
DA:115,1
DA:116,1
DA:120,1
DA:121,2
DA:128,3
DA:129,1
DA:130,0
DA:131,0
DA:133,0
DA:134,0
DA:135,0
DA:137,0
DA:138,0
DA:141,0
DA:145,1
DA:146,1
DA:158,1
DA:159,1
DA:160,1
DA:161,1
DA:162,2
DA:163,3
DA:164,1
DA:165,3
DA:166,2
DA:168,1
DA:172,1
DA:173,1
DA:176,1
DA:177,1
LF:65
LH:54
end_of_record
SF:lib\widgets\custom_search_bar.dart
DA:14,8
DA:16,2
DA:18,2
DA:19,2
DA:23,2
DA:24,1
DA:26,1
DA:28,1
DA:34,2
DA:36,2
DA:38,2
DA:48,2
DA:49,2
LF:13
LH:13
end_of_record
SF:lib\widgets\number_of_sites_slider.dart
DA:19,1
DA:25,1
DA:27,1
DA:29,1
DA:32,1
DA:33,1
DA:34,3
DA:37,1
DA:39,1
DA:41,4
DA:42,1
DA:43,1
DA:45,1
DA:49,3
DA:50,1
DA:51,2
DA:52,3
DA:56,4
LF:18
LH:18
end_of_record
SF:lib\widgets\poi_list_item.dart
DA:27,1
DA:33,1
DA:34,1
DA:44,1
DA:46,1
DA:48,2
DA:52,1
DA:53,3
DA:54,2
DA:55,4
DA:56,1
DA:61,6
DA:62,1
DA:63,3
DA:66,1
DA:69,0
DA:70,0
DA:72,0
DA:73,0
DA:74,0
DA:75,0
DA:80,1
DA:81,2
DA:82,4
DA:85,1
DA:94,1
DA:96,1
DA:98,1
DA:99,1
DA:101,1
DA:105,1
DA:106,1
DA:112,1
DA:113,1
DA:114,1
DA:115,1
DA:116,2
DA:117,1
DA:118,1
DA:128,1
DA:129,1
DA:131,1
DA:132,3
DA:136,1
DA:138,1
DA:140,3
DA:141,1
DA:142,1
DA:145,5
DA:150,4
DA:151,1
DA:152,3
DA:156,4
DA:157,4
DA:160,1
DA:161,2
DA:162,2
DA:163,2
DA:164,5
DA:170,1
DA:174,1
DA:175,2
DA:176,4
DA:177,3
DA:178,3
LF:65
LH:59
end_of_record
SF:lib\widgets\select_ai_assistant.dart
DA:17,1
DA:19,1
DA:20,1
DA:46,1
DA:48,1
DA:50,1
DA:52,1
DA:53,1
DA:54,3
DA:58,1
DA:60,4
DA:61,2
DA:62,1
DA:63,0
DA:64,0
DA:65,0
DA:66,0
DA:68,0
DA:72,0
DA:74,1
DA:77,1
DA:78,1
DA:79,2
DA:80,0
DA:84,1
DA:85,1
DA:86,2
DA:96,1
DA:97,1
DA:98,0
DA:99,1
DA:100,3
LF:32
LH:24
end_of_record
SF:lib\widgets\tag_wrap.dart
DA:27,2
DA:33,2
DA:35,2
DA:39,8
DA:40,4
DA:42,2
DA:43,2
DA:45,2
DA:47,2
DA:48,6
DA:54,2
DA:55,2
DA:56,2
DA:64,2
DA:65,2
DA:66,2
DA:68,0
DA:69,2
DA:73,6
DA:75,0
DA:76,6
DA:77,2
DA:79,2
DA:82,1
DA:83,2
DA:86,2
LF:26
LH:24
end_of_record
SF:lib\widgets\time_slider.dart
DA:26,2
DA:33,2
DA:35,2
DA:37,2
DA:40,2
DA:41,2
DA:42,6
DA:45,2
DA:46,2
DA:48,8
DA:49,2
DA:50,2
DA:52,2
DA:56,6
DA:57,2
DA:58,2
DA:59,4
DA:60,6
DA:64,8
LF:19
LH:19
end_of_record
SF:lib\widgets\transport_mode_selector.dart
DA:26,2
DA:32,2
DA:34,2
DA:36,2
DA:39,2
DA:40,2
DA:41,6
DA:45,2
DA:46,2
DA:47,2
DA:48,2
DA:49,2
DA:50,2
DA:52,2
DA:54,6
DA:57,2
DA:59,6
LF:17
LH:17
end_of_record
SF:lib\helpers\loading_message_helper.dart
DA:15,1
DA:16,1
DA:19,2
DA:20,1
DA:21,1
DA:23,1
DA:25,2
DA:28,1
DA:30,1
DA:36,1
DA:37,1
DA:38,1
DA:40,1
DA:43,2
DA:46,1
DA:47,1
DA:49,1
DA:51,2
DA:57,1
DA:60,2
LF:20
LH:20
end_of_record
SF:lib\helpers\time_functions.dart
DA:9,2
DA:10,2
DA:11,4
DA:13,2
DA:14,3
DA:15,1
DA:17,2
DA:27,2
DA:28,2
DA:29,1
DA:30,2
DA:32,2
DA:42,2
DA:43,2
DA:44,2
DA:46,2
DA:47,2
DA:48,4
DA:49,0
DA:50,2
DA:51,6
DA:52,0
DA:53,0
DA:55,0
LF:24
LH:20
end_of_record
SF:lib\screens\gps_access_screen.dart
DA:13,1
DA:15,1
DA:17,1
DA:18,1
DA:20,0
DA:21,0
DA:23,0
DA:26,1
DA:27,1
DA:29,1
DA:30,1
DA:47,8
DA:49,0
DA:51,0
DA:53,0
DA:54,0
DA:55,0
DA:56,0
DA:58,0
DA:62,0
DA:64,0
DA:65,0
DA:69,0
DA:71,0
DA:72,0
DA:74,0
DA:75,0
DA:91,8
DA:93,1
DA:95,1
DA:96,1
DA:97,4
DA:100,2
LF:33
LH:15
end_of_record
SF:lib\screens\loading_screen.dart
DA:12,1
DA:14,1
DA:16,1
DA:18,1
DA:19,1
DA:21,1
DA:25,1
LF:7
LH:7
end_of_record
SF:lib\screens\map_screen.dart
DA:24,2
DA:29,2
DA:30,2
DA:40,2
DA:42,2
DA:43,6
DA:44,4
DA:45,2
DA:46,12
DA:49,2
DA:51,2
DA:52,2
DA:53,2
DA:54,2
DA:55,2
DA:56,0
DA:59,2
DA:60,2
DA:61,2
DA:62,2
DA:64,1
DA:72,2
DA:73,2
DA:75,2
DA:76,2
DA:77,2
DA:78,2
DA:87,0
DA:88,0
DA:89,0
DA:90,0
DA:91,0
DA:92,0
DA:93,0
DA:98,1
DA:99,1
DA:100,1
DA:101,1
DA:102,1
DA:103,1
DA:104,1
DA:105,3
DA:106,3
DA:108,1
DA:109,1
DA:110,1
DA:118,1
DA:119,1
DA:120,1
DA:121,1
DA:135,1
DA:151,1
DA:152,1
DA:153,1
DA:154,2
DA:155,1
DA:159,1
DA:161,1
DA:162,2
DA:164,1
DA:165,1
DA:167,1
DA:168,1
DA:169,1
DA:186,2
DA:187,2
DA:188,2
DA:190,2
DA:192,2
DA:193,2
DA:194,4
DA:196,2
DA:197,2
DA:198,6
DA:202,2
DA:203,2
DA:204,6
DA:214,2
DA:215,4
DA:217,4
DA:218,6
DA:220,8
DA:221,6
DA:226,0
DA:227,0
DA:230,0
DA:234,0
DA:236,0
DA:237,0
DA:243,0
DA:244,0
DA:245,0
DA:249,0
DA:250,0
DA:253,2
DA:255,4
DA:256,4
DA:257,2
LF:98
LH:79
end_of_record
SF:lib\screens\saved_tour_screen.dart
DA:14,2
DA:16,2
DA:18,2
DA:19,2
DA:20,4
DA:21,4
DA:23,2
DA:25,0
DA:26,0
DA:31,2
DA:32,2
DA:33,2
DA:35,2
DA:36,2
DA:40,1
DA:41,1
DA:42,1
DA:43,1
DA:44,3
DA:46,1
DA:48,1
DA:49,1
DA:51,1
DA:53,1
DA:60,1
DA:62,1
DA:64,1
DA:65,4
DA:66,1
DA:67,5
DA:69,1
DA:70,3
DA:71,2
DA:73,0
DA:75,0
DA:76,0
DA:77,0
DA:84,1
DA:89,1
DA:90,3
DA:91,2
DA:93,1
DA:95,3
DA:97,1
DA:98,4
DA:99,2
DA:100,2
DA:102,2
DA:103,1
DA:104,2
DA:105,1
DA:106,1
DA:121,2
DA:122,2
DA:123,2
DA:125,2
DA:127,2
DA:128,2
DA:129,4
DA:131,2
DA:132,2
DA:133,2
DA:136,4
DA:141,2
DA:142,2
DA:143,2
DA:145,2
DA:150,2
DA:152,2
DA:153,2
DA:157,2
DA:160,4
DA:161,2
DA:162,2
DA:165,0
DA:166,0
DA:180,1
DA:182,0
DA:186,1
DA:187,3
DA:189,1
DA:191,1
DA:192,1
DA:193,2
DA:194,2
DA:195,1
DA:196,1
DA:197,0
DA:198,2
DA:200,1
DA:201,2
DA:202,2
DA:210,1
DA:212,3
DA:213,2
DA:214,3
DA:217,1
DA:219,0
DA:220,0
DA:221,0
DA:222,0
LF:101
LH:87
end_of_record
SF:lib\screens\tour_selection_screen.dart
DA:19,1
DA:21,1
DA:22,1
DA:55,0
DA:56,0
DA:57,0
DA:61,1
DA:63,3
DA:65,1
DA:67,1
DA:69,1
DA:70,0
DA:71,0
DA:72,1
DA:73,1
DA:79,1
DA:81,1
DA:83,1
DA:84,1
DA:85,3
DA:88,1
DA:89,0
DA:90,0
DA:91,0
DA:93,0
DA:95,1
DA:96,1
DA:97,1
DA:98,1
DA:105,1
DA:106,1
DA:107,0
DA:108,0
DA:109,0
DA:111,0
DA:112,0
DA:118,1
DA:119,0
DA:120,0
DA:121,0
DA:123,0
DA:124,0
DA:130,1
DA:131,1
DA:132,0
DA:133,0
DA:134,0
DA:135,0
DA:137,0
DA:139,0
DA:145,1
DA:146,1
DA:147,3
DA:150,1
DA:151,1
DA:152,1
DA:153,1
DA:159,1
DA:160,1
DA:161,0
DA:162,0
DA:163,0
DA:165,0
DA:166,0
DA:172,1
DA:174,1
DA:176,1
DA:177,4
DA:178,2
DA:181,1
DA:182,1
DA:184,1
DA:185,1
DA:186,1
DA:197,1
DA:198,4
DA:199,1
DA:202,1
DA:203,1
DA:205,1
DA:206,1
DA:208,1
DA:211,1
DA:212,1
DA:234,1
DA:236,3
DA:238,1
DA:241,1
DA:244,2
DA:248,1
DA:249,2
DA:250,1
DA:251,2
DA:254,1
DA:255,1
DA:256,1
DA:257,1
DA:260,1
DA:262,2
DA:264,4
DA:265,1
DA:266,1
DA:267,2
DA:268,2
DA:269,3
DA:270,1
DA:271,1
DA:272,1
DA:277,4
DA:278,0
DA:280,0
DA:281,0
DA:282,0
DA:283,0
DA:284,0
DA:285,0
DA:286,0
DA:287,0
DA:290,0
DA:293,0
DA:294,0
DA:295,0
DA:296,0
DA:298,0
LF:124
LH:79
end_of_record
SF:lib\screens\tour_summary_screen.dart
DA:15,1
DA:17,1
DA:19,3
DA:21,1
DA:23,1
DA:24,1
DA:26,1
DA:28,3
DA:29,2
DA:30,1
DA:36,1
DA:37,1
DA:41,1
DA:42,1
DA:45,2
DA:46,1
DA:48,1
DA:50,1
DA:51,1
DA:53,1
DA:55,1
DA:57,1
DA:58,2
DA:59,1
DA:60,0
DA:61,1
DA:62,1
DA:64,1
DA:65,1
DA:66,0
DA:67,2
DA:76,0
DA:77,0
DA:78,0
DA:79,0
DA:80,0
DA:81,0
DA:88,1
DA:89,1
DA:91,1
DA:93,1
DA:94,1
DA:97,1
DA:98,1
DA:99,1
DA:101,1
DA:103,1
DA:105,1
DA:107,1
DA:108,4
DA:117,1
DA:118,5
DA:124,1
DA:125,6
DA:131,1
DA:132,1
DA:133,3
DA:136,1
DA:137,4
DA:139,2
DA:153,1
DA:154,1
DA:155,3
DA:156,0
DA:157,0
DA:158,0
DA:159,0
LF:67
LH:55
end_of_record
SF:lib\widgets\custom_selection_app_bar.dart
DA:17,8
DA:20,2
DA:24,2
DA:26,2
DA:28,2
DA:30,6
DA:37,6
DA:39,2
DA:41,2
DA:44,2
DA:48,2
DA:51,1
DA:52,1
DA:54,2
DA:55,1
DA:57,1
DA:58,1
DA:59,1
DA:69,1
DA:71,1
DA:72,1
DA:73,1
DA:92,1
DA:93,1
DA:94,1
DA:95,0
DA:96,0
LF:27
LH:25
end_of_record
SF:lib\themes\app_theme.dart
DA:18,1
DA:19,1
DA:26,1
DA:46,1
DA:47,1
DA:51,1
DA:52,1
LF:7
LH:7
end_of_record
SF:lib\views\map_view.dart
DA:31,2
DA:38,2
DA:41,4
DA:42,4
DA:45,2
DA:49,4
DA:51,2
DA:52,2
DA:53,4
DA:55,2
DA:57,2
DA:58,2
DA:68,1
DA:69,2
DA:72,2
DA:75,2
DA:76,2
DA:79,3
LF:18
LH:18
end_of_record
